<?xml version="1.0" encoding="UTF-8"?>
<testsuite name="com.github.gabrielpadilh4.FieldTest" tests="8" skipped="0" failures="0" errors="0" timestamp="2021-05-06T01:51:17" hostname="DESKTOP-FESHEE2" time="0.048">
  <properties/>
  <testcase name="testNeighborDiagonalDownLeft()" classname="com.github.gabrielpadilh4.FieldTest" time="0.027"/>
  <testcase name="testNeighborDiagonalDownRight()" classname="com.github.gabrielpadilh4.FieldTest" time="0.001"/>
  <testcase name="testNeighborTop()" classname="com.github.gabrielpadilh4.FieldTest" time="0.002"/>
  <testcase name="testNeighborRight()" classname="com.github.gabrielpadilh4.FieldTest" time="0.003"/>
  <testcase name="testNeighborDiagonalTopLeft()" classname="com.github.gabrielpadilh4.FieldTest" time="0.001"/>
  <testcase name="testNeighborDiagonalTopRight()" classname="com.github.gabrielpadilh4.FieldTest" time="0.002"/>
  <testcase name="testNeighborDown()" classname="com.github.gabrielpadilh4.FieldTest" time="0.002"/>
  <testcase name="testNeighborLeft()" classname="com.github.gabrielpadilh4.FieldTest" time="0.001"/>
  <system-out><![CDATA[]]></system-out>
  <system-err><![CDATA[]]></system-err>
</testsuite>
