<?xml version="1.0" encoding="UTF-8"?>
<testsuite name="com.github.gabrielpadilh4.BoardTest" tests="1" skipped="0" failures="0" errors="0" timestamp="2021-05-11T02:27:43" hostname="DESKTOP-FESHEE2" time="0.06">
  <properties/>
  <testcase name="testOpenField()" classname="com.github.gabrielpadilh4.BoardTest" time="0.06"/>
  <system-out><![CDATA[]]></system-out>
  <system-err><![CDATA[]]></system-err>
</testsuite>
