<?xml version="1.0" encoding="UTF-8"?>
<testsuite name="com.github.gabrielpadilh4.FieldTest" tests="1" skipped="0" failures="0" errors="0" timestamp="2021-05-07T02:06:20" hostname="DESKTOP-FESHEE2" time="0.07">
  <properties/>
  <testcase name="testOpenMineNotMarked()" classname="com.github.gabrielpadilh4.FieldTest" time="0.07"/>
  <system-out><![CDATA[]]></system-out>
  <system-err><![CDATA[]]></system-err>
</testsuite>
